<?xml version="1.0" encoding="UTF-8"?>
<!-- Generated by org.testng.reporters.JUnitXMLReporter -->
<testsuite ignored="0" hostname="NR-PC" failures="0" tests="9" name="Test" time="29.976" errors="0" timestamp="2022-10-12T01:35:54 IST">
  <testcase classname="com.test.flipkart" name="loadTime" time="2.159"/>
  <testcase classname="com.test.flipkart" name="search" time="1.693"/>
  <testcase classname="com.test.flipkart" name="scroll" time="1.805"/>
  <testcase classname="com.test.flipkart" name="contentRefresh" time="2.002"/>
  <testcase classname="com.test.flipkart" name="imageDisplay" time="4.341"/>
  <testcase classname="com.test.flipkart" name="bottomScroll" time="1.755"/>
  <testcase classname="com.test.flipkart" name="imgHeight" time="2.446"/>
  <testcase classname="com.test.flipkart" name="diffBrowChrome" time="1.394"/>
  <testcase classname="com.test.flipkart" name="diffBrowEdge" time="7.207"/>
</testsuite> <!-- Test -->
