<?xml version="1.0" encoding="UTF-8"?>
<!-- Generated by org.testng.reporters.JUnitXMLReporter -->
<testsuite ignored="1" hostname="NR-PC" failures="0" tests="3" name="Test" time="26.406" errors="0" timestamp="2022-10-01T17:09:58 IST">
  <testcase classname="com.test.RegisterTest" name="login" time="14.906"/>
  <testcase classname="com.test.RegisterTest" name="search" time="3.804"/>
  <testcase classname="com.test.RegisterTest" name="addToCart" time="4.746"/>
  <testcase classname="com.test.RegisterTest" name="register" time="0.0">
    <ignored/>
  </testcase> <!-- register -->
</testsuite> <!-- Test -->
