<?xml version="1.0" encoding="UTF-8"?>
<testng-results ignored="0" total="9" passed="9" failed="0" skipped="0">
  <reporter-output>
  </reporter-output>
  <suite started-at="2022-10-18T15:20:50 IST" name="Default suite" finished-at="2022-10-18T15:21:52 IST" duration-ms="61956">
    <groups>
    </groups>
    <test started-at="2022-10-18T15:20:50 IST" name="Default test" finished-at="2022-10-18T15:21:52 IST" duration-ms="61956">
      <class name="com.test.flipkart">
        <test-method is-config="true" signature="beforeClass()[pri:0, instance:com.test.flipkart@49049a04]" started-at="2022-10-18T15:20:50 IST" name="beforeClass" finished-at="2022-10-18T15:20:53 IST" duration-ms="2241" status="PASS">
          <reporter-output>
          </reporter-output>
        </test-method> <!-- beforeClass -->
        <test-method is-config="true" signature="beforeMethod()[pri:0, instance:com.test.flipkart@49049a04]" started-at="2022-10-18T15:20:53 IST" name="beforeMethod" finished-at="2022-10-18T15:20:53 IST" duration-ms="143" status="PASS">
          <reporter-output>
          </reporter-output>
        </test-method> <!-- beforeMethod -->
        <test-method signature="loadTime()[pri:1, instance:com.test.flipkart@49049a04]" started-at="2022-10-18T15:20:53 IST" name="loadTime" finished-at="2022-10-18T15:21:16 IST" duration-ms="23291" status="PASS">
          <reporter-output>
          </reporter-output>
        </test-method> <!-- loadTime -->
        <test-method is-config="true" signature="afterMethod()[pri:0, instance:com.test.flipkart@49049a04]" started-at="2022-10-18T15:21:16 IST" name="afterMethod" finished-at="2022-10-18T15:21:16 IST" duration-ms="0" status="PASS">
          <reporter-output>
          </reporter-output>
        </test-method> <!-- afterMethod -->
        <test-method is-config="true" signature="beforeMethod()[pri:0, instance:com.test.flipkart@49049a04]" started-at="2022-10-18T15:21:16 IST" name="beforeMethod" finished-at="2022-10-18T15:21:16 IST" duration-ms="40" status="PASS">
          <reporter-output>
          </reporter-output>
        </test-method> <!-- beforeMethod -->
        <test-method signature="search()[pri:2, instance:com.test.flipkart@49049a04]" started-at="2022-10-18T15:21:16 IST" name="search" finished-at="2022-10-18T15:21:18 IST" duration-ms="1658" status="PASS">
          <reporter-output>
          </reporter-output>
        </test-method> <!-- search -->
        <test-method is-config="true" signature="afterMethod()[pri:0, instance:com.test.flipkart@49049a04]" started-at="2022-10-18T15:21:18 IST" name="afterMethod" finished-at="2022-10-18T15:21:18 IST" duration-ms="0" status="PASS">
          <reporter-output>
          </reporter-output>
        </test-method> <!-- afterMethod -->
        <test-method is-config="true" signature="beforeMethod()[pri:0, instance:com.test.flipkart@49049a04]" started-at="2022-10-18T15:21:18 IST" name="beforeMethod" finished-at="2022-10-18T15:21:18 IST" duration-ms="28" status="PASS">
          <reporter-output>
          </reporter-output>
        </test-method> <!-- beforeMethod -->
        <test-method signature="scroll()[pri:3, instance:com.test.flipkart@49049a04]" started-at="2022-10-18T15:21:18 IST" name="scroll" finished-at="2022-10-18T15:21:19 IST" duration-ms="1297" status="PASS">
          <reporter-output>
          </reporter-output>
        </test-method> <!-- scroll -->
        <test-method is-config="true" signature="afterMethod()[pri:0, instance:com.test.flipkart@49049a04]" started-at="2022-10-18T15:21:19 IST" name="afterMethod" finished-at="2022-10-18T15:21:19 IST" duration-ms="1" status="PASS">
          <reporter-output>
          </reporter-output>
        </test-method> <!-- afterMethod -->
        <test-method is-config="true" signature="beforeMethod()[pri:0, instance:com.test.flipkart@49049a04]" started-at="2022-10-18T15:21:19 IST" name="beforeMethod" finished-at="2022-10-18T15:21:19 IST" duration-ms="9" status="PASS">
          <reporter-output>
          </reporter-output>
        </test-method> <!-- beforeMethod -->
        <test-method signature="contentRefresh()[pri:4, instance:com.test.flipkart@49049a04]" started-at="2022-10-18T15:21:19 IST" name="contentRefresh" finished-at="2022-10-18T15:21:20 IST" duration-ms="1283" status="PASS">
          <reporter-output>
          </reporter-output>
        </test-method> <!-- contentRefresh -->
        <test-method is-config="true" signature="afterMethod()[pri:0, instance:com.test.flipkart@49049a04]" started-at="2022-10-18T15:21:20 IST" name="afterMethod" finished-at="2022-10-18T15:21:20 IST" duration-ms="1" status="PASS">
          <reporter-output>
          </reporter-output>
        </test-method> <!-- afterMethod -->
        <test-method is-config="true" signature="beforeMethod()[pri:0, instance:com.test.flipkart@49049a04]" started-at="2022-10-18T15:21:20 IST" name="beforeMethod" finished-at="2022-10-18T15:21:20 IST" duration-ms="6" status="PASS">
          <reporter-output>
          </reporter-output>
        </test-method> <!-- beforeMethod -->
        <test-method signature="imageDisplay()[pri:5, instance:com.test.flipkart@49049a04]" started-at="2022-10-18T15:21:20 IST" name="imageDisplay" finished-at="2022-10-18T15:21:24 IST" duration-ms="3256" status="PASS">
          <reporter-output>
          </reporter-output>
        </test-method> <!-- imageDisplay -->
        <test-method is-config="true" signature="afterMethod()[pri:0, instance:com.test.flipkart@49049a04]" started-at="2022-10-18T15:21:24 IST" name="afterMethod" finished-at="2022-10-18T15:21:24 IST" duration-ms="0" status="PASS">
          <reporter-output>
          </reporter-output>
        </test-method> <!-- afterMethod -->
        <test-method is-config="true" signature="beforeMethod()[pri:0, instance:com.test.flipkart@49049a04]" started-at="2022-10-18T15:21:24 IST" name="beforeMethod" finished-at="2022-10-18T15:21:24 IST" duration-ms="13" status="PASS">
          <reporter-output>
          </reporter-output>
        </test-method> <!-- beforeMethod -->
        <test-method signature="bottomScroll()[pri:6, instance:com.test.flipkart@49049a04]" started-at="2022-10-18T15:21:24 IST" name="bottomScroll" finished-at="2022-10-18T15:21:25 IST" duration-ms="1058" status="PASS">
          <reporter-output>
          </reporter-output>
        </test-method> <!-- bottomScroll -->
        <test-method is-config="true" signature="afterMethod()[pri:0, instance:com.test.flipkart@49049a04]" started-at="2022-10-18T15:21:25 IST" name="afterMethod" finished-at="2022-10-18T15:21:25 IST" duration-ms="0" status="PASS">
          <reporter-output>
          </reporter-output>
        </test-method> <!-- afterMethod -->
        <test-method is-config="true" signature="beforeMethod()[pri:0, instance:com.test.flipkart@49049a04]" started-at="2022-10-18T15:21:25 IST" name="beforeMethod" finished-at="2022-10-18T15:21:25 IST" duration-ms="20" status="PASS">
          <reporter-output>
          </reporter-output>
        </test-method> <!-- beforeMethod -->
        <test-method signature="imgHeight()[pri:7, instance:com.test.flipkart@49049a04]" started-at="2022-10-18T15:21:25 IST" name="imgHeight" finished-at="2022-10-18T15:21:26 IST" duration-ms="1716" status="PASS">
          <reporter-output>
          </reporter-output>
        </test-method> <!-- imgHeight -->
        <test-method is-config="true" signature="afterMethod()[pri:0, instance:com.test.flipkart@49049a04]" started-at="2022-10-18T15:21:26 IST" name="afterMethod" finished-at="2022-10-18T15:21:26 IST" duration-ms="0" status="PASS">
          <reporter-output>
          </reporter-output>
        </test-method> <!-- afterMethod -->
        <test-method is-config="true" signature="beforeMethod()[pri:0, instance:com.test.flipkart@49049a04]" started-at="2022-10-18T15:21:26 IST" name="beforeMethod" finished-at="2022-10-18T15:21:26 IST" duration-ms="10" status="PASS">
          <reporter-output>
          </reporter-output>
        </test-method> <!-- beforeMethod -->
        <test-method signature="diffBrowChrome()[pri:8, instance:com.test.flipkart@49049a04]" started-at="2022-10-18T15:21:26 IST" name="diffBrowChrome" finished-at="2022-10-18T15:21:28 IST" duration-ms="1325" status="PASS">
          <reporter-output>
          </reporter-output>
        </test-method> <!-- diffBrowChrome -->
        <test-method is-config="true" signature="afterMethod()[pri:0, instance:com.test.flipkart@49049a04]" started-at="2022-10-18T15:21:28 IST" name="afterMethod" finished-at="2022-10-18T15:21:28 IST" duration-ms="0" status="PASS">
          <reporter-output>
          </reporter-output>
        </test-method> <!-- afterMethod -->
        <test-method is-config="true" signature="beforeMethod()[pri:0, instance:com.test.flipkart@49049a04]" started-at="2022-10-18T15:21:28 IST" name="beforeMethod" finished-at="2022-10-18T15:21:28 IST" duration-ms="147" status="PASS">
          <reporter-output>
          </reporter-output>
        </test-method> <!-- beforeMethod -->
        <test-method signature="diffBrowEdge()[pri:9, instance:com.test.flipkart@49049a04]" started-at="2022-10-18T15:21:28 IST" name="diffBrowEdge" finished-at="2022-10-18T15:21:52 IST" duration-ms="24343" status="PASS">
          <reporter-output>
          </reporter-output>
        </test-method> <!-- diffBrowEdge -->
        <test-method is-config="true" signature="afterMethod()[pri:0, instance:com.test.flipkart@49049a04]" started-at="2022-10-18T15:21:52 IST" name="afterMethod" finished-at="2022-10-18T15:21:52 IST" duration-ms="0" status="PASS">
          <reporter-output>
          </reporter-output>
        </test-method> <!-- afterMethod -->
        <test-method is-config="true" signature="afterClass()[pri:0, instance:com.test.flipkart@49049a04]" started-at="2022-10-18T15:21:52 IST" name="afterClass" finished-at="2022-10-18T15:21:52 IST" duration-ms="0" status="PASS">
          <reporter-output>
          </reporter-output>
        </test-method> <!-- afterClass -->
      </class> <!-- com.test.flipkart -->
    </test> <!-- Default test -->
  </suite> <!-- Default suite -->
</testng-results>
