<?xml version="1.0" encoding="UTF-8"?>
<!-- Generated by org.testng.reporters.JUnitXMLReporter -->
<testsuite ignored="0" hostname="LAPTOP-BRIPOA3Q" failures="0" tests="9" name="Default test" time="61.956" errors="0" timestamp="2022-10-18T15:21:52 IST">
  <testcase classname="com.test.flipkart" name="loadTime" time="23.291"/>
  <testcase classname="com.test.flipkart" name="search" time="1.658"/>
  <testcase classname="com.test.flipkart" name="scroll" time="1.297"/>
  <testcase classname="com.test.flipkart" name="contentRefresh" time="1.283"/>
  <testcase classname="com.test.flipkart" name="imageDisplay" time="3.256"/>
  <testcase classname="com.test.flipkart" name="bottomScroll" time="1.058"/>
  <testcase classname="com.test.flipkart" name="imgHeight" time="1.716"/>
  <testcase classname="com.test.flipkart" name="diffBrowChrome" time="1.325"/>
  <testcase classname="com.test.flipkart" name="diffBrowEdge" time="24.343"/>
</testsuite> <!-- Default test -->
